-------------------------------------------------------------------------------
Test set: com.neo.HelloApplicationTests
-------------------------------------------------------------------------------
Tests run: 1, Failures: 0, Errors: 1, Skipped: 0, Time elapsed: 0.264 s <<< FAILURE! - in com.neo.HelloApplicationTests
initializationError(com.neo.HelloApplicationTests)  Time elapsed: 0.005 s  <<< ERROR!
java.lang.IllegalStateException: Unable to find a @SpringBootConfiguration, you need to use @ContextConfiguration or @SpringBootTest(classes=...) with your test

